<?xml version="1.0" encoding="UTF-8"?>
<testng-results ignored="0" total="1" passed="1" failed="0" skipped="0">
  <reporter-output>
  </reporter-output>
  <suite started-at="2024-01-25T13:20:41 IST" name="Default suite" finished-at="2024-01-25T13:20:48 IST" duration-ms="7446">
    <groups>
    </groups>
    <test started-at="2024-01-25T13:20:41 IST" name="Default test" finished-at="2024-01-25T13:20:48 IST" duration-ms="7446">
      <class name="testscript.ListDeliveryBoyTest">
        <test-method is-config="true" signature="initializeBrowser()[pri:0, instance:testscript.ListDeliveryBoyTest@747ddf94]" started-at="2024-01-25T13:20:41 IST" name="initializeBrowser" finished-at="2024-01-25T13:20:44 IST" duration-ms="3496" status="PASS">
          <reporter-output>
          </reporter-output>
        </test-method> <!-- initializeBrowser -->
        <test-method signature="verifyByInactivatingDeliveryBoy()[pri:0, instance:testscript.ListDeliveryBoyTest@747ddf94]" started-at="2024-01-25T13:20:44 IST" name="verifyByInactivatingDeliveryBoy" description="Verify by inactivating delivery boy from List Delivery Boy page" finished-at="2024-01-25T13:20:48 IST" duration-ms="3775" status="PASS">
          <reporter-output>
          </reporter-output>
        </test-method> <!-- verifyByInactivatingDeliveryBoy -->
        <test-method is-config="true" signature="driverQuit()[pri:0, instance:testscript.ListDeliveryBoyTest@747ddf94]" started-at="2024-01-25T13:20:48 IST" name="driverQuit" finished-at="2024-01-25T13:20:48 IST" duration-ms="131" status="PASS">
          <reporter-output>
          </reporter-output>
        </test-method> <!-- driverQuit -->
      </class> <!-- testscript.ListDeliveryBoyTest -->
    </test> <!-- Default test -->
  </suite> <!-- Default suite -->
</testng-results>
