<?xml version="1.0" encoding="UTF-8"?>
<!-- Generated by org.testng.reporters.JUnitXMLReporter -->
<testsuite ignored="5" hostname="LAPTOP-NC52G9DU" failures="0" tests="1" name="Default test" time="7.446" errors="0" timestamp="2024-01-25T13:20:48 IST">
  <testcase classname="testscript.ListDeliveryBoyTest" name="verifyByInactivatingDeliveryBoy" time="3.775"/>
  <testcase classname="testscript.ListDeliveryBoyTest" name="verifyPasswordFieldIsDisplayingCorrectData" time="0.0">
    <ignored/>
  </testcase> <!-- verifyPasswordFieldIsDisplayingCorrectData -->
  <testcase classname="testscript.ListDeliveryBoyTest" name="verifySearchFunctionalityInListDeliveryBoyPage" time="0.0">
    <ignored/>
  </testcase> <!-- verifySearchFunctionalityInListDeliveryBoyPage -->
  <testcase classname="testscript.ListDeliveryBoyTest" name="verifyUserIsAbletoDeleteNewDeliveryBoy" time="0.0">
    <ignored/>
  </testcase> <!-- verifyUserIsAbletoDeleteNewDeliveryBoy -->
  <testcase classname="testscript.ListDeliveryBoyTest" name="verifyResetButtonClearsSearchWindow" time="0.0">
    <ignored/>
  </testcase> <!-- verifyResetButtonClearsSearchWindow -->
  <testcase classname="testscript.ListDeliveryBoyTest" name="verifyUserIsAbletoAddNewDeliveryBoy" time="0.0">
    <ignored/>
  </testcase> <!-- verifyUserIsAbletoAddNewDeliveryBoy -->
</testsuite> <!-- Default test -->
